<?xml version="1.0" encoding="utf-8" standalone="no"?>
<!--This file represents the results of running a test suite-->
<test-results name="C:\Users\K-BO\csci_310-CMU-\test_driven_development\Nunit\Nunit\bin\Debug\Nunit.exe" total="3" errors="2" failures="0" not-run="0" inconclusive="0" ignored="0" skipped="0" invalid="0" date="2012-11-14" time="17:49:38">
  <environment nunit-version="2.6.2.12296" clr-version="2.0.50727.5456" os-version="Microsoft Windows NT 6.1.7601 Service Pack 1" platform="Win32NT" cwd="C:\Program Files (x86)\NUnit 2.6.2\bin" machine-name="K-BO-PC" user="K-BO" user-domain="K-BO-PC" />
  <culture-info current-culture="en-US" current-uiculture="en-US" />
  <test-suite type="Assembly" name="C:\Users\K-BO\csci_310-CMU-\test_driven_development\Nunit\Nunit\bin\Debug\Nunit.exe" executed="True" result="Failure" success="False" time="0.109" asserts="0">
    <results>
      <test-suite type="Namespace" name="POS" executed="True" result="Failure" success="False" time="0.109" asserts="0">
        <results>
          <test-suite type="TestFixture" name="TestStore" executed="True" result="Failure" success="False" time="0.109" asserts="0">
            <results>
              <test-case name="POS.TestStore.CheckStoreExists" executed="True" result="Success" success="True" time="0.094" asserts="0" />
              <test-case name="POS.TestStore.CheckStoreHasNoApple" executed="True" result="Error" success="False" time="0.000" asserts="0">
                <failure>
                  <message><![CDATA[System.NullReferenceException : Object reference not set to an instance of an object.]]></message>
                  <stack-trace><![CDATA[at POS.TestStore.CheckStoreHasNoApple() in c:\Users\K-BO\csci_310-CMU-\test_driven_development\Nunit\Nunit\Program.cs:line 181
]]></stack-trace>
                </failure>
              </test-case>
              <test-case name="POS.TestStore.CheckStoreHasTide" executed="True" result="Error" success="False" time="0.000" asserts="0">
                <failure>
                  <message><![CDATA[System.NullReferenceException : Object reference not set to an instance of an object.]]></message>
                  <stack-trace><![CDATA[at POS.TestStore.CheckStoreHasTide() in c:\Users\K-BO\csci_310-CMU-\test_driven_development\Nunit\Nunit\Program.cs:line 175
]]></stack-trace>
                </failure>
              </test-case>
            </results>
          </test-suite>
        </results>
      </test-suite>
    </results>
  </test-suite>
</test-results>